<?xml version="1.0" encoding="UTF-8"?>
<!-- Generated by org.testng.reporters.JUnitReportReporter -->
<testsuite skipped="0" hostname="cl1" name="com.testcases.Tc_01" tests="2" failures="0" timestamp="04 Feb 2020 04:06:51 GMT" time="0.013" errors="0">
  <testcase name="Tc_01_Validate_Register_Module" time="0.009" classname="com.testcases.Tc_01"/>
  <testcase name="dotest" time="0.004" classname="com.testcases.Tc_01"/>
</testsuite> <!-- com.testcases.Tc_01 -->
