<?xml version="1.0" encoding="UTF-8"?>
<!-- Generated by org.testng.reporters.JUnitReportReporter -->
<testsuite skipped="0" hostname="cl1" name="com.testcases.Tc_01_Validate_Register_Module" tests="1" failures="0" timestamp="06 Feb 2020 03:56:40 GMT" time="27.009" errors="0">
  <testcase name="Tc_01_Validate_Register_Module" time="27.009" classname="com.testcases.Tc_01_Validate_Register_Module"/>
</testsuite> <!-- com.testcases.Tc_01_Validate_Register_Module -->
