<?xml version="1.0" encoding="UTF-8"?>
<!-- Generated by org.testng.reporters.JUnitReportReporter -->
<testsuite skipped="0" hostname="cl1" name="com.testcases.Tc_03" tests="1" failures="0" timestamp="04 Feb 2020 04:23:29 GMT" time="0.002" errors="0">
  <testcase name="Tc_03_Validate_Fresher_Module" time="0.002" classname="com.testcases.Tc_03"/>
</testsuite> <!-- com.testcases.Tc_03 -->
